<?xml version="1.0" encoding="UTF-8"?>
<!-- Generated by org.testng.reporters.JUnitReportReporter -->
<testsuite hostname="DESKTOP-JFALR25" failures="0" tests="4" name="TestPackage.TestClass1" time="59.597" errors="0" timestamp="2023-06-07T15:53:56 IST" skipped="0">
  <testcase classname="TestPackage.TestClass1" name="addContact" time="17.568"/>
  <system-out/>
  <testcase classname="TestPackage.TestClass1" name="addAppointment" time="16.136"/>
  <system-out/>
  <testcase classname="TestPackage.TestClass1" name="deleteAppointmnet" time="15.199"/>
  <system-out/>
  <testcase classname="TestPackage.TestClass1" name="deleteContact" time="10.694"/>
  <system-out/>
</testsuite> <!-- TestPackage.TestClass1 -->
